<?xml version="1.0" encoding="UTF-8"?>
<!-- Generated by org.testng.reporters.JUnitReportReporter -->
<testsuite hostname="Sulakhe-Family5" failures="0" tests="5" name="rest_assured.posthook_API" time="3.982" errors="0" timestamp="28 Jun 2024 08:35:21 GMT" skipped="3">
  <testcase classname="rest_assured.posthook_API" name="updateHook" time="0.973"/>
  <testcase classname="rest_assured.posthook_API" name="deleteHook" time="3.009"/>
  <testcase classname="rest_assured.posthook_API" name="getHook">
    <skipped/>
  </testcase> <!-- getHook -->
  <testcase classname="rest_assured.posthook_API" name="grtHooks">
    <skipped/>
  </testcase> <!-- grtHooks -->
  <testcase classname="rest_assured.posthook_API" name="scheduleHook">
    <skipped/>
  </testcase> <!-- scheduleHook -->
</testsuite> <!-- rest_assured.posthook_API -->
